<?xml version="1.0" encoding="UTF-8"?>
<!-- Generated by org.testng.reporters.JUnitReportReporter -->
<testsuite skipped="0" hostname="DESKTOP-3HBU0VV" name="com.mystore.testcases.HomePageTest" tests="2" failures="0" timestamp="10 May 2022 07:09:01 GMT" time="109.509" errors="0">
  <testcase name="wishListTest" time="52.243" classname="com.mystore.testcases.HomePageTest"/>
  <testcase name="orderHistoryAndDetailsTest" time="57.266" classname="com.mystore.testcases.HomePageTest"/>
</testsuite> <!-- com.mystore.testcases.HomePageTest -->
