<?xml version="1.0" encoding="UTF-8"?>
<!-- Generated by org.testng.reporters.JUnitReportReporter -->
<testsuite skipped="0" hostname="DESKTOP-3HBU0VV" name="com.mystore.testcases.AccountCreationPageTest" tests="1" failures="0" timestamp="10 May 2022 07:20:21 GMT" time="67.230" errors="0">
  <testcase name="verifyCreateAccountPageTest" time="67.230" classname="com.mystore.testcases.AccountCreationPageTest"/>
</testsuite> <!-- com.mystore.testcases.AccountCreationPageTest -->
