<?xml version="1.0" encoding="UTF-8"?>
<!-- Generated by org.testng.reporters.JUnitReportReporter -->
<testsuite skipped="0" hostname="DESKTOP-3HBU0VV" name="com.mystore.testcases.LoginPageTest" tests="1" failures="0" timestamp="10 May 2022 06:42:38 GMT" time="62.167" errors="0">
  <testcase name="loginTest" time="62.167" classname="com.mystore.testcases.LoginPageTest"/>
</testsuite> <!-- com.mystore.testcases.LoginPageTest -->
