<?xml version="1.0" encoding="UTF-8"?>
<!-- Generated by org.testng.reporters.JUnitReportReporter -->
<testsuite skipped="0" hostname="DESKTOP-3HBU0VV" name="com.mystore.testcases.OrderPageTest" tests="1" failures="0" timestamp="10 May 2022 07:29:53 GMT" time="82.627" errors="0">
  <testcase name="verifyTotalPrice" time="82.627" classname="com.mystore.testcases.OrderPageTest"/>
</testsuite> <!-- com.mystore.testcases.OrderPageTest -->
