<?xml version="1.0" encoding="UTF-8"?>
<!-- Generated by org.testng.reporters.JUnitReportReporter -->
<testsuite skipped="0" hostname="DESKTOP-3HBU0VV" name="com.mystore.testcases.SearchResultPageTest" tests="1" failures="0" timestamp="10 May 2022 07:11:00 GMT" time="59.814" errors="0">
  <testcase name="isProductAvaiabilityTest" time="59.814" classname="com.mystore.testcases.SearchResultPageTest"/>
</testsuite> <!-- com.mystore.testcases.SearchResultPageTest -->
